<?xml version="1.0" encoding="UTF-8"?>
<!-- Generated by org.testng.reporters.JUnitReportReporter -->
<testsuite skipped="0" hostname="Bhupender" name="MavenGrofersProject.MavenGrofersProject.AppTest" tests="1" failures="0" timestamp="18 May 2018 05:20:08 GMT" time="0.000" errors="0">
  <testcase name="testApp" time="0.000" classname="MavenGrofersProject.MavenGrofersProject.AppTest"/>
</testsuite> <!-- MavenGrofersProject.MavenGrofersProject.AppTest -->
