<?xml version="1.0" encoding="UTF-8"?>
<!-- Generated by org.testng.reporters.JUnitReportReporter -->
<testsuite skipped="0" hostname="Bhupender" name="com.TestApplication.Test_App" tests="1" failures="0" timestamp="13 Apr 2018 04:38:26 GMT" time="0.054" errors="0">
  <testcase name="TestAddtocart" time="0.054" classname="com.TestApplication.Test_App"/>
</testsuite> <!-- com.TestApplication.Test_App -->
