<?xml version="1.0" encoding="UTF-8"?>
<!-- Generated by org.testng.reporters.JUnitReportReporter -->
<testsuite hostname="Bhupender" name="com.TestApplication.Test_App" tests="1" failures="0" timestamp="22 Jun 2018 04:46:42 GMT" time="0.049" errors="0">
  <testcase name="ApplicationTittle" time="0.049" classname="com.TestApplication.Test_App"/>
</testsuite> <!-- com.TestApplication.Test_App -->
